#Test Accuracy 0.9704
#TEST Confusion Matrix          	  	   	  	   	   	   	   	   	   	   	Actual	   	   	   	   	   	   	  	  	   
#         	  	 14	17	 11	  8	  7	  2	  3	 12	 13	     4	  1	  5	  9	 15	  6	 10	 0	18	 16
#         	14	240	 0	  0	  1	  0	  0	  0	  1	  1	     0	  0	  0	  0	  2	  0	  0	 0	 0	  2
#         	17	  0	91	  1	  0	  0	  0	  0	  1	  0	     0	  0	  0	  1	  0	  0	  0	 0	 1	  0
#         	11	  0	 1	380	  0	  0	  1	  0	  1	  4	     0	  0	  1	  4	  0	  1	  0	 0	 0	  3
#         	 8	  0	 0	  0	449	  0	  1	  3	  1	  4	     0	  0	  0	  1	  0	  1	  2	 0	 0	  0
#         	 7	  0	 0	  0	  0	408	  1	  0	  3	  1	     0	  1	  0	  4	  0	  0	  0	 0	 0	  0
#         	 2	  0	 0	  0	  1	  1	163	  1	  0	  0	     0	  0	  1	  1	  0	  0	  0	 0	 0	  0
#         	 3	  0	 0	  1	  0	  0	  0	207	  0	  0	     1	  0	  2	  1	  0	  0	  1	 0	 0	  0
#         	12	  2	 1	  1	  0	  1	  0	  0	316	  1	     0	  0	  0	  1	  0	  0	  1	 0	 0	  1
#Predicted	13	  1	 0	  0	  2	  1	  0	  0	  0	265	     0	  0	  1	  0	  0	  0	  0	 0	 1	  0
#         	 4	  0	 0	  0	  0	  1	  0	  0	  0	  0	   270	  0	  0	  6	  0	  2	  1	 0	 0	  0
#         	 1	  0	 0	  0	  0	  0	  0	  0	  0	  0	     0	109	  0	  0	  0	  0	  0	 0	 0	  0
#         	 5	  0	 0	  3	  1	  1	  0	  0	  0	  0	     0	  0	295	  0	  0	  1	  1	 0	 0	  0
#         	 9	  4	 1	  7	  0	  2	  0	  0	  1	  1	     1	  0	  0	462	  0	  0	  3	 0	 0	  0
#         	15	  0	 0	  0	  1	  1	  0	  0	  0	  1	     0	  0	  0	  0	198	  1	  0	 0	 0	  0
#         	 6	  0	 0	  2	  2	  0	  0	  0	  0	  0	     0	  1	  1	  1	  0	363	  2	 0	 0	  0
#         	10	  1	 0	  3	  1	  0	  0	  0	  3	  0	     1	  0	  0	  0	  7	  0	422	 0	 0	  1
#         	 0	  0	 0	  0	  0	  0	  0	  0	  0	  0	     0	  0	  0	  0	  0	  1	  0	32	 0	  0
#         	18	  0	 0	  0	  0	  0	  0	  0	  0	  1	     0	  0	  0	  0	  0	  0	  0	 0	46	  0
#         	16	  1	 0	  0	  0	  0	  0	  0	  0	  0	     0	  0	  0	  1	  0	  0	  0	 0	 1	136
i,