--------------------------------------------------
Modello: b0 | Dati: 1000 con LR: 0.0001
--------------------------------------------------
Removed old run directory: logs/previous/run_2026-02-12_20-37-28
Log file for dataNode is in: /workspace/domiknows/logs/datanode.log
Removed empty log file: logs/datanode.log
Log file for dataNodeBuilder is in: /workspace/domiknows/logs/datanode.log
0 - [LC4(andL)]
1 - [LC6(andL), LC7(andL)]
2 - [LC10(andL), LC11(andL), LC12(andL)]
3 - [LC15(andL), LC16(andL), LC17(andL), LC18(andL)]
4 - [LC21(andL), LC22(andL), LC23(andL), LC24(andL), LC25(andL)]
5 - [LC28(andL), LC29(andL), LC30(andL), LC31(andL), LC32(andL), LC33(andL)]
6 - [LC36(andL), LC37(andL), LC38(andL), LC39(andL), LC40(andL), LC41(andL), LC42(andL)]
7 - [LC45(andL), LC46(andL), LC47(andL), LC48(andL), LC49(andL), LC50(andL), LC51(andL), LC52(andL)]
8 - [LC55(andL), LC56(andL), LC57(andL), LC58(andL), LC59(andL), LC60(andL), LC61(andL), LC62(andL), LC63(andL)]
9 - [LC66(andL), LC67(andL), LC68(andL), LC69(andL), LC70(andL), LC71(andL), LC72(andL), LC73(andL), LC74(andL), LC75(andL)]
10 - [LC78(andL), LC79(andL), LC80(andL), LC81(andL), LC82(andL), LC83(andL), LC84(andL), LC85(andL), LC86(andL)]
11 - [LC89(andL), LC90(andL), LC91(andL), LC92(andL), LC93(andL), LC94(andL), LC95(andL), LC96(andL)]
12 - [LC99(andL), LC100(andL), LC101(andL), LC102(andL), LC103(andL), LC104(andL), LC105(andL)]
13 - [LC108(andL), LC109(andL), LC110(andL), LC111(andL), LC112(andL), LC113(andL)]
14 - [LC116(andL), LC117(andL), LC118(andL), LC119(andL), LC120(andL)]
15 - [LC123(andL), LC124(andL), LC125(andL), LC126(andL)]
16 - [LC129(andL), LC130(andL), LC131(andL)]
17 - [LC134(andL), LC135(andL)]
18 - [LC138(andL)]
Namespace(method='PrimalDual', num_train=1000, log='None', epochs=20, model='b0', modeldir='tests/final_1000/1000', datadir='./data', lr=0.0001, seed=123, batch_size=1, warmup=0)
INFO:timm.models._builder:Loading pretrained weights from Hugging Face hub (timm/efficientnet_b0.ra_in1k)
INFO:httpx:HTTP Request: HEAD https://huggingface.co/timm/efficientnet_b0.ra_in1k/resolve/main/model.safetensors "HTTP/1.1 302 Found"
INFO:timm.models._hub:[timm/efficientnet_b0.ra_in1k] Safe alternative available for 'pytorch_model.bin' (as 'model.safetensors'). Loading weights using safetensors.
Log file for lossModelOperations is in: /workspace/domiknows/logs/lossmodel_operations.log
Log file for primalDualModelOperations is in: /workspace/domiknows/logs/primaldual_model_operations.log
initializing optimizer
INFO:domiknows.program.program:Epoch: 1
INFO:domiknows.program.program:Training:
Epoch 1 Training:   0%|                                                                                       | 0/1000 [00:00<?, ?it/s]Log file for domiknows.utils is in: /workspace/domiknows/logs/regrTimer.log
Log file for ilpOntSolver is in: /workspace/domiknows/logs/ilpOntSolver.log
Log file for lcLossCountOperations is in: /workspace/domiknows/logs/lc_loss_count_operations.log
Epoch 1 Training: 100%|████████████████████████████████████████████████████████████████████████████| 1000/1000 [02:49<00:00,  5.91it/s]
100%|██████████████████████████████████████████████████████████████████████████████████████████████| 1000/1000 [00:19<00:00, 51.83it/s]
============== RESULTS FOR: /local/argmax ==============
DIGIT ACC:       0.246
SOMMA:   0.103
INFO:domiknows.program.program:Epoch: 2
INFO:domiknows.program.program:Training:
Epoch 2 Training: 100%|████████████████████████████████████████████████████████████████████████████| 1000/1000 [03:07<00:00,  5.35it/s]
100%|██████████████████████████████████████████████████████████████████████████████████████████████| 1000/1000 [00:24<00:00, 41.56it/s]
============== RESULTS FOR: /local/argmax ==============
DIGIT ACC:       0.2365
SOMMA:   0.102
INFO:domiknows.program.program:Epoch: 3
INFO:domiknows.program.program:Training:
Epoch 3 Training: 100%|████████████████████████████████████████████████████████████████████████████| 1000/1000 [03:23<00:00,  4.92it/s]
100%|██████████████████████████████████████████████████████████████████████████████████████████████| 1000/1000 [00:29<00:00, 33.86it/s]
============== RESULTS FOR: /local/argmax ==============
DIGIT ACC:       0.3145
SOMMA:   0.124
INFO:domiknows.program.program:Epoch: 4
INFO:domiknows.program.program:Training:
Epoch 4 Training: 100%|████████████████████████████████████████████████████████████████████████████| 1000/1000 [03:35<00:00,  4.65it/s]
100%|██████████████████████████████████████████████████████████████████████████████████████████████| 1000/1000 [00:21<00:00, 46.35it/s]
============== RESULTS FOR: /local/argmax ==============
DIGIT ACC:       0.3985
SOMMA:   0.17
INFO:domiknows.program.program:Epoch: 5
INFO:domiknows.program.program:Training:
Epoch 5 Training: 100%|████████████████████████████████████████████████████████████████████████████| 1000/1000 [03:12<00:00,  5.20it/s]
100%|██████████████████████████████████████████████████████████████████████████████████████████████| 1000/1000 [00:22<00:00, 45.02it/s]
============== RESULTS FOR: /local/argmax ==============
DIGIT ACC:       0.4515
SOMMA:   0.232
INFO:domiknows.program.program:Epoch: 6
INFO:domiknows.program.program:Training:
Epoch 6 Training: 100%|████████████████████████████████████████████████████████████████████████████| 1000/1000 [04:09<00:00,  4.01it/s]
100%|██████████████████████████████████████████████████████████████████████████████████████████████| 1000/1000 [00:33<00:00, 29.43it/s]
============== RESULTS FOR: /local/argmax ==============
DIGIT ACC:       0.426
SOMMA:   0.197
INFO:domiknows.program.program:Epoch: 7
INFO:domiknows.program.program:Training:
Epoch 7 Training: 100%|████████████████████████████████████████████████████████████████████████████| 1000/1000 [04:03<00:00,  4.11it/s]
100%|██████████████████████████████████████████████████████████████████████████████████████████████| 1000/1000 [00:41<00:00, 24.22it/s]
============== RESULTS FOR: /local/argmax ==============
DIGIT ACC:       0.438
SOMMA:   0.209
INFO:domiknows.program.program:Epoch: 8
INFO:domiknows.program.program:Training:
Epoch 8 Training: 100%|████████████████████████████████████████████████████████████████████████████| 1000/1000 [03:58<00:00,  4.19it/s]
100%|██████████████████████████████████████████████████████████████████████████████████████████████| 1000/1000 [00:38<00:00, 25.77it/s]
============== RESULTS FOR: /local/argmax ==============
DIGIT ACC:       0.3315
SOMMA:   0.148
INFO:domiknows.program.program:Epoch: 9
INFO:domiknows.program.program:Training:
Epoch 9 Training: 100%|████████████████████████████████████████████████████████████████████████████| 1000/1000 [04:05<00:00,  4.07it/s]
100%|██████████████████████████████████████████████████████████████████████████████████████████████| 1000/1000 [00:39<00:00, 25.48it/s]
============== RESULTS FOR: /local/argmax ==============
DIGIT ACC:       0.4325
SOMMA:   0.205
INFO:domiknows.program.program:Epoch: 10
INFO:domiknows.program.program:Training:
Epoch 10 Training: 100%|███████████████████████████████████████████████████████████████████████████| 1000/1000 [04:05<00:00,  4.08it/s]
100%|██████████████████████████████████████████████████████████████████████████████████████████████| 1000/1000 [00:41<00:00, 24.14it/s]
============== RESULTS FOR: /local/argmax ==============
DIGIT ACC:       0.5125
SOMMA:   0.278
INFO:domiknows.program.program:Epoch: 11
INFO:domiknows.program.program:Training:
Epoch 11 Training: 100%|███████████████████████████████████████████████████████████████████████████| 1000/1000 [04:09<00:00,  4.00it/s]
100%|██████████████████████████████████████████████████████████████████████████████████████████████| 1000/1000 [00:39<00:00, 25.13it/s]
============== RESULTS FOR: /local/argmax ==============
DIGIT ACC:       0.485
SOMMA:   0.268
INFO:domiknows.program.program:Epoch: 12
INFO:domiknows.program.program:Training:
Epoch 12 Training: 100%|███████████████████████████████████████████████████████████████████████████| 1000/1000 [04:06<00:00,  4.06it/s]
100%|██████████████████████████████████████████████████████████████████████████████████████████████| 1000/1000 [00:42<00:00, 23.52it/s]
============== RESULTS FOR: /local/argmax ==============
DIGIT ACC:       0.5335
SOMMA:   0.305
INFO:domiknows.program.program:Epoch: 13
INFO:domiknows.program.program:Training:
Epoch 13 Training: 100%|███████████████████████████████████████████████████████████████████████████| 1000/1000 [04:07<00:00,  4.03it/s]
100%|██████████████████████████████████████████████████████████████████████████████████████████████| 1000/1000 [00:45<00:00, 22.05it/s]
============== RESULTS FOR: /local/argmax ==============
DIGIT ACC:       0.615
SOMMA:   0.382
INFO:domiknows.program.program:Epoch: 14
INFO:domiknows.program.program:Training:
Epoch 14 Training: 100%|███████████████████████████████████████████████████████████████████████████| 1000/1000 [04:01<00:00,  4.15it/s]
100%|██████████████████████████████████████████████████████████████████████████████████████████████| 1000/1000 [00:40<00:00, 24.71it/s]
============== RESULTS FOR: /local/argmax ==============
DIGIT ACC:       0.652
SOMMA:   0.443
INFO:domiknows.program.program:Epoch: 15
INFO:domiknows.program.program:Training:
Epoch 15 Training: 100%|███████████████████████████████████████████████████████████████████████████| 1000/1000 [04:00<00:00,  4.16it/s]
100%|██████████████████████████████████████████████████████████████████████████████████████████████| 1000/1000 [00:42<00:00, 23.61it/s]
============== RESULTS FOR: /local/argmax ==============
DIGIT ACC:       0.6745
SOMMA:   0.462
INFO:domiknows.program.program:Epoch: 16
INFO:domiknows.program.program:Training:
Epoch 16 Training: 100%|███████████████████████████████████████████████████████████████████████████| 1000/1000 [04:03<00:00,  4.11it/s]
100%|██████████████████████████████████████████████████████████████████████████████████████████████| 1000/1000 [00:42<00:00, 23.32it/s]
============== RESULTS FOR: /local/argmax ==============
DIGIT ACC:       0.6755
SOMMA:   0.468
INFO:domiknows.program.program:Epoch: 17
INFO:domiknows.program.program:Training:
Epoch 17 Training: 100%|███████████████████████████████████████████████████████████████████████████| 1000/1000 [04:01<00:00,  4.13it/s]
100%|██████████████████████████████████████████████████████████████████████████████████████████████| 1000/1000 [00:43<00:00, 23.09it/s]
============== RESULTS FOR: /local/argmax ==============
DIGIT ACC:       0.676
SOMMA:   0.463
INFO:domiknows.program.program:Epoch: 18
INFO:domiknows.program.program:Training:
Epoch 18 Training: 100%|███████████████████████████████████████████████████████████████████████████| 1000/1000 [03:56<00:00,  4.23it/s]
100%|██████████████████████████████████████████████████████████████████████████████████████████████| 1000/1000 [00:50<00:00, 19.89it/s]
============== RESULTS FOR: /local/argmax ==============
DIGIT ACC:       0.7145
SOMMA:   0.536
INFO:domiknows.program.program:Epoch: 19
INFO:domiknows.program.program:Training:
Epoch 19 Training: 100%|███████████████████████████████████████████████████████████████████████████| 1000/1000 [04:09<00:00,  4.01it/s]
100%|██████████████████████████████████████████████████████████████████████████████████████████████| 1000/1000 [00:46<00:00, 21.45it/s]
============== RESULTS FOR: /local/argmax ==============
DIGIT ACC:       0.717
SOMMA:   0.526
INFO:domiknows.program.program:Epoch: 20
INFO:domiknows.program.program:Training:
Epoch 20 Training: 100%|███████████████████████████████████████████████████████████████████████████| 1000/1000 [04:02<00:00,  4.12it/s]
100%|██████████████████████████████████████████████████████████████████████████████████████████████| 1000/1000 [00:49<00:00, 20.01it/s]
============== RESULTS FOR: /local/argmax ==============
DIGIT ACC:       0.77
SOMMA:   0.605
Training modello b0 nesy terminato in: 1h:29m:45s
--------------------------------------------------
COMPLETATO!!!!! -> Modello: b0 | Dati: 1000 con LR: 0.0001
--------------------------------------------------